<?xml version="1.0" encoding="UTF-8"?>
<testsuite xmlns:xsi="http://www.w3.org/2001/XMLSchema-instance" xsi:noNamespaceSchemaLocation="https://maven.apache.org/surefire/maven-surefire-plugin/xsd/surefire-test-report-3.0.xsd" version="3.0" name="ru.diary.FirstTest" time="76.246" tests="7" errors="0" skipped="0" failures="0">
  <properties>
[...]
</properties>
  <testcase name="testLogIn" classname="ru.diary.FirstTest" time="14.126">
    <system-err><![CDATA[Starting ChromeDriver 100.0.4896.60 (6a5d10861ce8de5fce22564658033b43cb7de047-refs/branch-heads/4896@{#875}) on port 57504
Only local connections are allowed.
Please see https://chromedriver.chromium.org/security-considerations for suggestions on keeping ChromeDriver safe.
ChromeDriver was started successfully.
апр. 22, 2022 8:19:09 PM org.openqa.selenium.remote.ProtocolHandshake createSession
INFO: Detected dialect: W3C
апр. 22, 2022 8:19:09 PM org.openqa.selenium.devtools.CdpVersionFinder findNearestMatch
WARNING: Unable to find an exact match for CDP version 100, so returning the closest version found: 99
апр. 22, 2022 8:19:09 PM org.openqa.selenium.devtools.CdpVersionFinder findNearestMatch
INFO: Found CDP implementation for version 100 of 99
[main] INFO pages.diary_registration.DiaryRegistrationPage - Title check complete
]]></system-err>
  </testcase>
  <testcase name="testFailureLogIn1" classname="ru.diary.FirstTest" time="6.297">
    <system-err><![CDATA[Starting ChromeDriver 100.0.4896.60 (6a5d10861ce8de5fce22564658033b43cb7de047-refs/branch-heads/4896@{#875}) on port 60188
Only local connections are allowed.
Please see https://chromedriver.chromium.org/security-considerations for suggestions on keeping ChromeDriver safe.
ChromeDriver was started successfully.
апр. 22, 2022 8:19:23 PM org.openqa.selenium.remote.ProtocolHandshake createSession
INFO: Detected dialect: W3C
апр. 22, 2022 8:19:23 PM org.openqa.selenium.devtools.CdpVersionFinder findNearestMatch
WARNING: Unable to find an exact match for CDP version 100, so returning the closest version found: 99
апр. 22, 2022 8:19:23 PM org.openqa.selenium.devtools.CdpVersionFinder findNearestMatch
INFO: Found CDP implementation for version 100 of 99
[main] INFO pages.diary_registration.DiaryRegistrationPage - Title check complete
[main] ERROR pages.diary_registration.DiaryRegistrationPage - Пожалуйста заполните поля для регистрации:
Необходимо заполнить «Логин».
Необходимо заполнить «E-mail».
Нажимая кнопку «Зарегистрироваться», я принимаю правила ресурса
Зарегистрироваться
]]></system-err>
  </testcase>
  <testcase name="testFailureLogIn2" classname="ru.diary.FirstTest" time="8.916">
    <system-err><![CDATA[Starting ChromeDriver 100.0.4896.60 (6a5d10861ce8de5fce22564658033b43cb7de047-refs/branch-heads/4896@{#875}) on port 60930
Only local connections are allowed.
Please see https://chromedriver.chromium.org/security-considerations for suggestions on keeping ChromeDriver safe.
ChromeDriver was started successfully.
апр. 22, 2022 8:19:29 PM org.openqa.selenium.remote.ProtocolHandshake createSession
INFO: Detected dialect: W3C
апр. 22, 2022 8:19:29 PM org.openqa.selenium.devtools.CdpVersionFinder findNearestMatch
WARNING: Unable to find an exact match for CDP version 100, so returning the closest version found: 99
апр. 22, 2022 8:19:29 PM org.openqa.selenium.devtools.CdpVersionFinder findNearestMatch
INFO: Found CDP implementation for version 100 of 99
[main] INFO pages.diary_registration.DiaryRegistrationPage - Title check complete
[main] ERROR pages.diary_registration.DiaryRegistrationPage - Пожалуйста заполните поля для регистрации:
Необходимо заполнить «E-mail».
Нажимая кнопку «Зарегистрироваться», я принимаю правила ресурса
Зарегистрироваться
]]></system-err>
  </testcase>
  <testcase name="testFailureLogIn3" classname="ru.diary.FirstTest" time="11.12">
    <system-err><![CDATA[Starting ChromeDriver 100.0.4896.60 (6a5d10861ce8de5fce22564658033b43cb7de047-refs/branch-heads/4896@{#875}) on port 49519
Only local connections are allowed.
Please see https://chromedriver.chromium.org/security-considerations for suggestions on keeping ChromeDriver safe.
ChromeDriver was started successfully.
апр. 22, 2022 8:19:38 PM org.openqa.selenium.remote.ProtocolHandshake createSession
INFO: Detected dialect: W3C
апр. 22, 2022 8:19:38 PM org.openqa.selenium.devtools.CdpVersionFinder findNearestMatch
WARNING: Unable to find an exact match for CDP version 100, so returning the closest version found: 99
апр. 22, 2022 8:19:38 PM org.openqa.selenium.devtools.CdpVersionFinder findNearestMatch
INFO: Found CDP implementation for version 100 of 99
[main] INFO pages.diary_registration.DiaryRegistrationPage - Title check complete
[main] ERROR pages.diary_registration.DiaryRegistrationPage - Пожалуйста заполните поля для регистрации:
Нажимая кнопку «Зарегистрироваться», я принимаю правила ресурса
Зарегистрироваться
]]></system-err>
  </testcase>
  <testcase name="testFailureLogIn4" classname="ru.diary.FirstTest" time="9.935">
    <system-err><![CDATA[Starting ChromeDriver 100.0.4896.60 (6a5d10861ce8de5fce22564658033b43cb7de047-refs/branch-heads/4896@{#875}) on port 65261
Only local connections are allowed.
Please see https://chromedriver.chromium.org/security-considerations for suggestions on keeping ChromeDriver safe.
ChromeDriver was started successfully.
апр. 22, 2022 8:19:49 PM org.openqa.selenium.remote.ProtocolHandshake createSession
INFO: Detected dialect: W3C
апр. 22, 2022 8:19:49 PM org.openqa.selenium.devtools.CdpVersionFinder findNearestMatch
WARNING: Unable to find an exact match for CDP version 100, so returning the closest version found: 99
апр. 22, 2022 8:19:49 PM org.openqa.selenium.devtools.CdpVersionFinder findNearestMatch
INFO: Found CDP implementation for version 100 of 99
[main] INFO pages.diary_registration.DiaryRegistrationPage - Title check complete
[main] ERROR pages.diary_registration.DiaryRegistrationPage - Пожалуйста заполните поля для регистрации:
Необходимо заполнить «Логин».
Нажимая кнопку «Зарегистрироваться», я принимаю правила ресурса
Зарегистрироваться
]]></system-err>
  </testcase>
  <testcase name="testVisibility" classname="ru.diary.FirstTest" time="13.713">
    <system-err><![CDATA[Starting ChromeDriver 100.0.4896.60 (6a5d10861ce8de5fce22564658033b43cb7de047-refs/branch-heads/4896@{#875}) on port 50449
Only local connections are allowed.
Please see https://chromedriver.chromium.org/security-considerations for suggestions on keeping ChromeDriver safe.
ChromeDriver was started successfully.
апр. 22, 2022 8:19:59 PM org.openqa.selenium.remote.ProtocolHandshake createSession
INFO: Detected dialect: W3C
апр. 22, 2022 8:19:59 PM org.openqa.selenium.devtools.CdpVersionFinder findNearestMatch
WARNING: Unable to find an exact match for CDP version 100, so returning the closest version found: 99
апр. 22, 2022 8:19:59 PM org.openqa.selenium.devtools.CdpVersionFinder findNearestMatch
INFO: Found CDP implementation for version 100 of 99
[main] INFO pages.diary_registration.DiaryRegistrationPage - Title check complete
[main] INFO pages.diary_registration.DiaryRegistrationPage - User name field cleared.
[main] INFO pages.diary_registration.DiaryRegistrationPage - Email field cleared.
]]></system-err>
  </testcase>
  <testcase name="testRuEngLetters" classname="ru.diary.FirstTest" time="12.122">
    <system-err><![CDATA[Starting ChromeDriver 100.0.4896.60 (6a5d10861ce8de5fce22564658033b43cb7de047-refs/branch-heads/4896@{#875}) on port 59932
Only local connections are allowed.
Please see https://chromedriver.chromium.org/security-considerations for suggestions on keeping ChromeDriver safe.
ChromeDriver was started successfully.
апр. 22, 2022 8:20:13 PM org.openqa.selenium.remote.ProtocolHandshake createSession
INFO: Detected dialect: W3C
апр. 22, 2022 8:20:13 PM org.openqa.selenium.devtools.CdpVersionFinder findNearestMatch
WARNING: Unable to find an exact match for CDP version 100, so returning the closest version found: 99
апр. 22, 2022 8:20:13 PM org.openqa.selenium.devtools.CdpVersionFinder findNearestMatch
INFO: Found CDP implementation for version 100 of 99
[main] INFO pages.diary_registration.DiaryRegistrationPage - Title check complete
[main] ERROR pages.diary_registration.DiaryRegistrationPage - Пожалуйста заполните поля для регистрации:
Использование одновременно русских и латинских символов недопустимо
Нажимая кнопку «Зарегистрироваться», я принимаю правила ресурса
Зарегистрироваться
]]></system-err>
  </testcase>
</testsuite>